2023-04-18 13:17:08 [scrapy.utils.log] INFO: Scrapy 2.8.0 started (bot: scrapy_post_104)
2023-04-18 13:17:08 [scrapy.utils.log] INFO: Versions: lxml 4.9.2.0, libxml2 2.9.13, cssselect 1.2.0, parsel 1.7.0, w3lib 2.1.1, Twisted 22.10.0, Python 3.10.9 (v3.10.9:1dd9be6584, Dec  6 2022, 14:37:36) [Clang 13.0.0 (clang-1300.0.29.30)], pyOpenSSL 23.1.1 (OpenSSL 3.1.0 14 Mar 2023), cryptography 40.0.1, Platform macOS-13.1-arm64-arm-64bit
2023-04-18 13:17:08 [scrapy.crawler] INFO: Overridden settings:
{'BOT_NAME': 'scrapy_post_104',
 'FEED_EXPORT_ENCODING': 'utf-8',
 'LOG_FILE': 'logdemo.log',
 'NEWSPIDER_MODULE': 'scrapy_post_104.spiders',
 'REQUEST_FINGERPRINTER_IMPLEMENTATION': '2.7',c
 'ROBOTSTXT_OBEY': True,
 'SPIDER_MODULES': ['scrapy_post_104.spiders'],
 'TWISTED_REACTOR': 'twisted.internet.asyncioreactor.AsyncioSelectorReactor'}
2023-04-18 13:17:08 [asyncio] DEBUG: Using selector: KqueueSelector
2023-04-18 13:17:08 [scrapy.utils.log] DEBUG: Using reactor: twisted.internet.asyncioreactor.AsyncioSelectorReactor
2023-04-18 13:17:08 [scrapy.utils.log] DEBUG: Using asyncio event loop: asyncio.unix_events._UnixSelectorEventLoop
2023-04-18 13:17:08 [scrapy.extensions.telnet] INFO: Telnet Password: 70fe722bb42776fd
2023-04-18 13:17:08 [scrapy.middleware] INFO: Enabled extensions:
['scrapy.extensions.corestats.CoreStats',
 'scrapy.extensions.telnet.TelnetConsole',
 'scrapy.extensions.memusage.MemoryUsage',
 'scrapy.extensions.logstats.LogStats']
2023-04-18 13:17:08 [scrapy.middleware] INFO: Enabled downloader middlewares:
['scrapy.downloadermiddlewares.robotstxt.RobotsTxtMiddleware',
 'scrapy.downloadermiddlewares.httpauth.HttpAuthMiddleware',
 'scrapy.downloadermiddlewares.downloadtimeout.DownloadTimeoutMiddleware',
 'scrapy.downloadermiddlewares.defaultheaders.DefaultHeadersMiddleware',
 'scrapy.downloadermiddlewares.useragent.UserAgentMiddleware',
 'scrapy.downloadermiddlewares.retry.RetryMiddleware',
 'scrapy.downloadermiddlewares.redirect.MetaRefreshMiddleware',
 'scrapy.downloadermiddlewares.httpcompression.HttpCompressionMiddleware',
 'scrapy.downloadermiddlewares.redirect.RedirectMiddleware',
 'scrapy.downloadermiddlewares.cookies.CookiesMiddleware',
 'scrapy.downloadermiddlewares.httpproxy.HttpProxyMiddleware',
 'scrapy.downloadermiddlewares.stats.DownloaderStats']
2023-04-18 13:17:08 [scrapy.middleware] INFO: Enabled spider middlewares:
['scrapy.spidermiddlewares.httperror.HttpErrorMiddleware',
 'scrapy.spidermiddlewares.offsite.OffsiteMiddleware',
 'scrapy.spidermiddlewares.referer.RefererMiddleware',
 'scrapy.spidermiddlewares.urllength.UrlLengthMiddleware',
 'scrapy.spidermiddlewares.depth.DepthMiddleware']
2023-04-18 13:17:08 [scrapy.middleware] INFO: Enabled item pipelines:
[]
2023-04-18 13:17:08 [scrapy.core.engine] INFO: Spider opened
2023-04-18 13:17:08 [scrapy.extensions.logstats] INFO: Crawled 0 pages (at 0 pages/min), scraped 0 items (at 0 items/min)
2023-04-18 13:17:08 [scrapy.extensions.telnet] INFO: Telnet console listening on 127.0.0.1:6023
2023-04-18 13:17:08 [scrapy.core.engine] DEBUG: Crawled (200) <GET https://fanyi.baidu.com/robots.txt> (referer: None)
2023-04-18 13:17:08 [scrapy.core.engine] DEBUG: Crawled (200) <POST https://fanyi.baidu.com/sug> (referer: None)
2023-04-18 13:17:08 [scrapy.core.scraper] ERROR: Spider error processing <POST https://fanyi.baidu.com/sug> (referer: None)
Traceback (most recent call last):
  File "/Library/Frameworks/Python.framework/Versions/3.10/lib/python3.10/site-packages/twisted/internet/defer.py", line 892, in _runCallbacks
    current.result = callback(  # type: ignore[misc]
  File "/Users/zacheryxu/PycharmProjects/爬虫基础/scrapy_post_104/scrapy_post_104/spiders/testpost.py", line 26, in parse_second
    obj = json.loads(content, encoding='utf-8')
  File "/Library/Frameworks/Python.framework/Versions/3.10/lib/python3.10/json/__init__.py", line 359, in loads
    return cls(**kw).decode(s)
TypeError: JSONDecoder.__init__() got an unexpected keyword argument 'encoding'
2023-04-18 13:17:08 [scrapy.core.engine] INFO: Closing spider (finished)
2023-04-18 13:17:08 [scrapy.statscollectors] INFO: Dumping Scrapy stats:
{'downloader/request_bytes': 556,
 'downloader/request_count': 2,
 'downloader/request_method_count/GET': 1,
 'downloader/request_method_count/POST': 1,
 'downloader/response_bytes': 1045,
 'downloader/response_count': 2,
 'downloader/response_status_count/200': 2,
 'elapsed_time_seconds': 0.507754,
 'finish_reason': 'finished',
 'finish_time': datetime.datetime(2023, 4, 18, 5, 17, 8, 902375),
 'httpcompression/response_bytes': 667,
 'httpcompression/response_count': 2,
 'log_count/DEBUG': 5,
 'log_count/ERROR': 1,
 'log_count/INFO': 10,
 'memusage/max': 64126976,
 'memusage/startup': 64126976,
 'response_received_count': 2,
 'robotstxt/request_count': 1,
 'robotstxt/response_count': 1,
 'robotstxt/response_status_count/200': 1,
 'scheduler/dequeued': 1,
 'scheduler/dequeued/memory': 1,
 'scheduler/enqueued': 1,
 'scheduler/enqueued/memory': 1,
 'spider_exceptions/TypeError': 1,
 'start_time': datetime.datetime(2023, 4, 18, 5, 17, 8, 394621)}
2023-04-18 13:17:08 [scrapy.core.engine] INFO: Spider closed (finished)
2023-04-18 13:18:25 [scrapy.utils.log] INFO: Scrapy 2.8.0 started (bot: scrapy_post_104)
2023-04-18 13:18:25 [scrapy.utils.log] INFO: Versions: lxml 4.9.2.0, libxml2 2.9.13, cssselect 1.2.0, parsel 1.7.0, w3lib 2.1.1, Twisted 22.10.0, Python 3.10.9 (v3.10.9:1dd9be6584, Dec  6 2022, 14:37:36) [Clang 13.0.0 (clang-1300.0.29.30)], pyOpenSSL 23.1.1 (OpenSSL 3.1.0 14 Mar 2023), cryptography 40.0.1, Platform macOS-13.1-arm64-arm-64bit
2023-04-18 13:18:25 [scrapy.crawler] INFO: Overridden settings:
{'BOT_NAME': 'scrapy_post_104',
 'FEED_EXPORT_ENCODING': 'utf-8',
 'LOG_FILE': 'logdemo.log',
 'NEWSPIDER_MODULE': 'scrapy_post_104.spiders',
 'REQUEST_FINGERPRINTER_IMPLEMENTATION': '2.7',
 'ROBOTSTXT_OBEY': True,
 'SPIDER_MODULES': ['scrapy_post_104.spiders'],
 'TWISTED_REACTOR': 'twisted.internet.asyncioreactor.AsyncioSelectorReactor'}
2023-04-18 13:18:25 [asyncio] DEBUG: Using selector: KqueueSelector
2023-04-18 13:18:25 [scrapy.utils.log] DEBUG: Using reactor: twisted.internet.asyncioreactor.AsyncioSelectorReactor
2023-04-18 13:18:25 [scrapy.utils.log] DEBUG: Using asyncio event loop: asyncio.unix_events._UnixSelectorEventLoop
2023-04-18 13:18:25 [scrapy.extensions.telnet] INFO: Telnet Password: d8a2c75b0ffdca32
2023-04-18 13:18:25 [scrapy.middleware] INFO: Enabled extensions:
['scrapy.extensions.corestats.CoreStats',
 'scrapy.extensions.telnet.TelnetConsole',
 'scrapy.extensions.memusage.MemoryUsage',
 'scrapy.extensions.logstats.LogStats']
2023-04-18 13:18:25 [scrapy.middleware] INFO: Enabled downloader middlewares:
['scrapy.downloadermiddlewares.robotstxt.RobotsTxtMiddleware',
 'scrapy.downloadermiddlewares.httpauth.HttpAuthMiddleware',
 'scrapy.downloadermiddlewares.downloadtimeout.DownloadTimeoutMiddleware',
 'scrapy.downloadermiddlewares.defaultheaders.DefaultHeadersMiddleware',
 'scrapy.downloadermiddlewares.useragent.UserAgentMiddleware',
 'scrapy.downloadermiddlewares.retry.RetryMiddleware',
 'scrapy.downloadermiddlewares.redirect.MetaRefreshMiddleware',
 'scrapy.downloadermiddlewares.httpcompression.HttpCompressionMiddleware',
 'scrapy.downloadermiddlewares.redirect.RedirectMiddleware',
 'scrapy.downloadermiddlewares.cookies.CookiesMiddleware',
 'scrapy.downloadermiddlewares.httpproxy.HttpProxyMiddleware',
 'scrapy.downloadermiddlewares.stats.DownloaderStats']
2023-04-18 13:18:25 [scrapy.middleware] INFO: Enabled spider middlewares:
['scrapy.spidermiddlewares.httperror.HttpErrorMiddleware',
 'scrapy.spidermiddlewares.offsite.OffsiteMiddleware',
 'scrapy.spidermiddlewares.referer.RefererMiddleware',
 'scrapy.spidermiddlewares.urllength.UrlLengthMiddleware',
 'scrapy.spidermiddlewares.depth.DepthMiddleware']
2023-04-18 13:18:25 [scrapy.middleware] INFO: Enabled item pipelines:
[]
2023-04-18 13:18:25 [scrapy.core.engine] INFO: Spider opened
2023-04-18 13:18:25 [scrapy.extensions.logstats] INFO: Crawled 0 pages (at 0 pages/min), scraped 0 items (at 0 items/min)
2023-04-18 13:18:25 [py.warnings] WARNING: /Library/Frameworks/Python.framework/Versions/3.10/lib/python3.10/site-packages/scrapy/spidermiddlewares/offsite.py:74: URLWarning: allowed_domains accepts only domains, not URLs. Ignoring URL entry https://fanyi.baidu.com/sug/ in allowed_domains.
  warnings.warn(message, URLWarning)

2023-04-18 13:18:25 [scrapy.extensions.telnet] INFO: Telnet console listening on 127.0.0.1:6023
2023-04-18 13:18:25 [scrapy.core.engine] DEBUG: Crawled (200) <GET https://fanyi.baidu.com/robots.txt> (referer: None)
2023-04-18 13:18:25 [scrapy.core.engine] DEBUG: Crawled (200) <POST https://fanyi.baidu.com/sug> (referer: None)
2023-04-18 13:18:25 [scrapy.core.scraper] ERROR: Spider error processing <POST https://fanyi.baidu.com/sug> (referer: None)
Traceback (most recent call last):
  File "/Library/Frameworks/Python.framework/Versions/3.10/lib/python3.10/site-packages/twisted/internet/defer.py", line 892, in _runCallbacks
    current.result = callback(  # type: ignore[misc]
  File "/Users/zacheryxu/PycharmProjects/爬虫基础/scrapy_post_104/scrapy_post_104/spiders/testpost.py", line 26, in parse_second
    obj = json.loads(content, encoding='utf-8')
  File "/Library/Frameworks/Python.framework/Versions/3.10/lib/python3.10/json/__init__.py", line 359, in loads
    return cls(**kw).decode(s)
TypeError: JSONDecoder.__init__() got an unexpected keyword argument 'encoding'
2023-04-18 13:18:25 [scrapy.core.engine] INFO: Closing spider (finished)
2023-04-18 13:18:25 [scrapy.statscollectors] INFO: Dumping Scrapy stats:
{'downloader/request_bytes': 556,
 'downloader/request_count': 2,
 'downloader/request_method_count/GET': 1,
 'downloader/request_method_count/POST': 1,
 'downloader/response_bytes': 1045,
 'downloader/response_count': 2,
 'downloader/response_status_count/200': 2,
 'elapsed_time_seconds': 0.514981,
 'finish_reason': 'finished',
 'finish_time': datetime.datetime(2023, 4, 18, 5, 18, 25, 826834),
 'httpcompression/response_bytes': 667,
 'httpcompression/response_count': 2,
 'log_count/DEBUG': 5,
 'log_count/ERROR': 1,
 'log_count/INFO': 10,
 'log_count/WARNING': 1,
 'memusage/max': 63782912,
 'memusage/startup': 63782912,
 'response_received_count': 2,
 'robotstxt/request_count': 1,
 'robotstxt/response_count': 1,
 'robotstxt/response_status_count/200': 1,
 'scheduler/dequeued': 1,
 'scheduler/dequeued/memory': 1,
 'scheduler/enqueued': 1,
 'scheduler/enqueued/memory': 1,
 'spider_exceptions/TypeError': 1,
 'start_time': datetime.datetime(2023, 4, 18, 5, 18, 25, 311853)}
2023-04-18 13:18:25 [scrapy.core.engine] INFO: Spider closed (finished)
2023-04-18 13:18:47 [scrapy.utils.log] INFO: Scrapy 2.8.0 started (bot: scrapy_post_104)
2023-04-18 13:18:47 [scrapy.utils.log] INFO: Versions: lxml 4.9.2.0, libxml2 2.9.13, cssselect 1.2.0, parsel 1.7.0, w3lib 2.1.1, Twisted 22.10.0, Python 3.10.9 (v3.10.9:1dd9be6584, Dec  6 2022, 14:37:36) [Clang 13.0.0 (clang-1300.0.29.30)], pyOpenSSL 23.1.1 (OpenSSL 3.1.0 14 Mar 2023), cryptography 40.0.1, Platform macOS-13.1-arm64-arm-64bit
2023-04-18 13:18:47 [scrapy.crawler] INFO: Overridden settings:
{'BOT_NAME': 'scrapy_post_104',
 'FEED_EXPORT_ENCODING': 'utf-8',
 'LOG_FILE': 'logdemo.log',
 'NEWSPIDER_MODULE': 'scrapy_post_104.spiders',
 'REQUEST_FINGERPRINTER_IMPLEMENTATION': '2.7',
 'SPIDER_MODULES': ['scrapy_post_104.spiders'],
 'TWISTED_REACTOR': 'twisted.internet.asyncioreactor.AsyncioSelectorReactor'}
2023-04-18 13:18:47 [asyncio] DEBUG: Using selector: KqueueSelector
2023-04-18 13:18:47 [scrapy.utils.log] DEBUG: Using reactor: twisted.internet.asyncioreactor.AsyncioSelectorReactor
2023-04-18 13:18:47 [scrapy.utils.log] DEBUG: Using asyncio event loop: asyncio.unix_events._UnixSelectorEventLoop
2023-04-18 13:18:47 [scrapy.extensions.telnet] INFO: Telnet Password: 02a4b5925830f123
2023-04-18 13:18:47 [scrapy.middleware] INFO: Enabled extensions:
['scrapy.extensions.corestats.CoreStats',
 'scrapy.extensions.telnet.TelnetConsole',
 'scrapy.extensions.memusage.MemoryUsage',
 'scrapy.extensions.logstats.LogStats']
2023-04-18 13:18:47 [scrapy.middleware] INFO: Enabled downloader middlewares:
['scrapy.downloadermiddlewares.httpauth.HttpAuthMiddleware',
 'scrapy.downloadermiddlewares.downloadtimeout.DownloadTimeoutMiddleware',
 'scrapy.downloadermiddlewares.defaultheaders.DefaultHeadersMiddleware',
 'scrapy.downloadermiddlewares.useragent.UserAgentMiddleware',
 'scrapy.downloadermiddlewares.retry.RetryMiddleware',
 'scrapy.downloadermiddlewares.redirect.MetaRefreshMiddleware',
 'scrapy.downloadermiddlewares.httpcompression.HttpCompressionMiddleware',
 'scrapy.downloadermiddlewares.redirect.RedirectMiddleware',
 'scrapy.downloadermiddlewares.cookies.CookiesMiddleware',
 'scrapy.downloadermiddlewares.httpproxy.HttpProxyMiddleware',
 'scrapy.downloadermiddlewares.stats.DownloaderStats']
2023-04-18 13:18:47 [scrapy.middleware] INFO: Enabled spider middlewares:
['scrapy.spidermiddlewares.httperror.HttpErrorMiddleware',
 'scrapy.spidermiddlewares.offsite.OffsiteMiddleware',
 'scrapy.spidermiddlewares.referer.RefererMiddleware',
 'scrapy.spidermiddlewares.urllength.UrlLengthMiddleware',
 'scrapy.spidermiddlewares.depth.DepthMiddleware']
2023-04-18 13:18:47 [scrapy.middleware] INFO: Enabled item pipelines:
[]
2023-04-18 13:18:47 [scrapy.core.engine] INFO: Spider opened
2023-04-18 13:18:47 [scrapy.extensions.logstats] INFO: Crawled 0 pages (at 0 pages/min), scraped 0 items (at 0 items/min)
2023-04-18 13:18:47 [py.warnings] WARNING: /Library/Frameworks/Python.framework/Versions/3.10/lib/python3.10/site-packages/scrapy/spidermiddlewares/offsite.py:74: URLWarning: allowed_domains accepts only domains, not URLs. Ignoring URL entry https://fanyi.baidu.com/sug/ in allowed_domains.
  warnings.warn(message, URLWarning)

2023-04-18 13:18:47 [scrapy.extensions.telnet] INFO: Telnet console listening on 127.0.0.1:6023
2023-04-18 13:18:48 [scrapy.core.engine] DEBUG: Crawled (200) <POST https://fanyi.baidu.com/sug> (referer: None)
2023-04-18 13:18:48 [scrapy.core.scraper] ERROR: Spider error processing <POST https://fanyi.baidu.com/sug> (referer: None)
Traceback (most recent call last):
  File "/Library/Frameworks/Python.framework/Versions/3.10/lib/python3.10/site-packages/twisted/internet/defer.py", line 892, in _runCallbacks
    current.result = callback(  # type: ignore[misc]
  File "/Users/zacheryxu/PycharmProjects/爬虫基础/scrapy_post_104/scrapy_post_104/spiders/testpost.py", line 26, in parse_second
    obj = json.loads(content, encoding='utf-8')
  File "/Library/Frameworks/Python.framework/Versions/3.10/lib/python3.10/json/__init__.py", line 359, in loads
    return cls(**kw).decode(s)
TypeError: JSONDecoder.__init__() got an unexpected keyword argument 'encoding'
2023-04-18 13:18:48 [scrapy.core.engine] INFO: Closing spider (finished)
2023-04-18 13:18:48 [scrapy.statscollectors] INFO: Dumping Scrapy stats:
{'downloader/request_bytes': 276,
 'downloader/request_count': 1,
 'downloader/request_method_count/POST': 1,
 'downloader/response_bytes': 807,
 'downloader/response_count': 1,
 'downloader/response_status_count/200': 1,
 'elapsed_time_seconds': 0.387855,
 'finish_reason': 'finished',
 'finish_time': datetime.datetime(2023, 4, 18, 5, 18, 48, 217026),
 'httpcompression/response_bytes': 667,
 'httpcompression/response_count': 1,
 'log_count/DEBUG': 4,
 'log_count/ERROR': 1,
 'log_count/INFO': 10,
 'log_count/WARNING': 1,
 'memusage/max': 63635456,
 'memusage/startup': 63635456,
 'response_received_count': 1,
 'scheduler/dequeued': 1,
 'scheduler/dequeued/memory': 1,
 'scheduler/enqueued': 1,
 'scheduler/enqueued/memory': 1,
 'spider_exceptions/TypeError': 1,
 'start_time': datetime.datetime(2023, 4, 18, 5, 18, 47, 829171)}
2023-04-18 13:18:48 [scrapy.core.engine] INFO: Spider closed (finished)
