2023-04-18 12:50:43 [scrapy.utils.log] INFO: Scrapy 2.8.0 started (bot: scrapy_10g_103)
2023-04-18 12:50:43 [scrapy.utils.log] INFO: Versions: lxml 4.9.2.0, libxml2 2.9.13, cssselect 1.2.0, parsel 1.7.0, w3lib 2.1.1, Twisted 22.10.0, Python 3.10.9 (v3.10.9:1dd9be6584, Dec  6 2022, 14:37:36) [Clang 13.0.0 (clang-1300.0.29.30)], pyOpenSSL 23.1.1 (OpenSSL 3.1.0 14 Mar 2023), cryptography 40.0.1, Platform macOS-13.1-arm64-arm-64bit
2023-04-18 12:50:43 [scrapy.crawler] INFO: Overridden settings:
{'BOT_NAME': 'scrapy_10g_103',
 'FEED_EXPORT_ENCODING': 'utf-8',
 'LOG_FILE': 'logdemo.log',
 'NEWSPIDER_MODULE': 'scrapy_10g_103.spiders',
 'REQUEST_FINGERPRINTER_IMPLEMENTATION': '2.7',
 'SPIDER_MODULES': ['scrapy_10g_103.spiders'],
 'TWISTED_REACTOR': 'twisted.internet.asyncioreactor.AsyncioSelectorReactor'}
2023-04-18 12:50:43 [asyncio] DEBUG: Using selector: KqueueSelector
2023-04-18 12:50:43 [scrapy.utils.log] DEBUG: Using reactor: twisted.internet.asyncioreactor.AsyncioSelectorReactor
2023-04-18 12:50:43 [scrapy.utils.log] DEBUG: Using asyncio event loop: asyncio.unix_events._UnixSelectorEventLoop
2023-04-18 12:50:43 [scrapy.extensions.telnet] INFO: Telnet Password: d0fc270af161d680
2023-04-18 12:50:43 [scrapy.middleware] INFO: Enabled extensions:
['scrapy.extensions.corestats.CoreStats',
 'scrapy.extensions.telnet.TelnetConsole',
 'scrapy.extensions.memusage.MemoryUsage',
 'scrapy.extensions.logstats.LogStats']
2023-04-18 12:50:43 [scrapy.middleware] INFO: Enabled downloader middlewares:
['scrapy.downloadermiddlewares.httpauth.HttpAuthMiddleware',
 'scrapy.downloadermiddlewares.downloadtimeout.DownloadTimeoutMiddleware',
 'scrapy.downloadermiddlewares.defaultheaders.DefaultHeadersMiddleware',
 'scrapy.downloadermiddlewares.useragent.UserAgentMiddleware',
 'scrapy.downloadermiddlewares.retry.RetryMiddleware',
 'scrapy.downloadermiddlewares.redirect.MetaRefreshMiddleware',
 'scrapy.downloadermiddlewares.httpcompression.HttpCompressionMiddleware',
 'scrapy.downloadermiddlewares.redirect.RedirectMiddleware',
 'scrapy.downloadermiddlewares.cookies.CookiesMiddleware',
 'scrapy.downloadermiddlewares.httpproxy.HttpProxyMiddleware',
 'scrapy.downloadermiddlewares.stats.DownloaderStats']
2023-04-18 12:50:43 [scrapy.middleware] INFO: Enabled spider middlewares:
['scrapy.spidermiddlewares.httperror.HttpErrorMiddleware',
 'scrapy.spidermiddlewares.offsite.OffsiteMiddleware',
 'scrapy.spidermiddlewares.referer.RefererMiddleware',
 'scrapy.spidermiddlewares.urllength.UrlLengthMiddleware',
 'scrapy.spidermiddlewares.depth.DepthMiddleware']
2023-04-18 12:50:43 [scrapy.middleware] INFO: Enabled item pipelines:
[]
2023-04-18 12:50:43 [scrapy.core.engine] INFO: Spider opened
2023-04-18 12:50:43 [scrapy.extensions.logstats] INFO: Crawled 0 pages (at 0 pages/min), scraped 0 items (at 0 items/min)
2023-04-18 12:50:43 [scrapy.extensions.telnet] INFO: Telnet console listening on 127.0.0.1:6023
2023-04-18 12:50:43 [scrapy.core.engine] DEBUG: Crawled (200) <GET http://www.baidu.com/> (referer: None)
2023-04-18 12:50:43 [scrapy.core.engine] INFO: Closing spider (finished)
2023-04-18 12:50:43 [scrapy.statscollectors] INFO: Dumping Scrapy stats:
{'downloader/request_bytes': 213,
 'downloader/request_count': 1,
 'downloader/request_method_count/GET': 1,
 'downloader/response_bytes': 1476,
 'downloader/response_count': 1,
 'downloader/response_status_count/200': 1,
 'elapsed_time_seconds': 0.137892,
 'finish_reason': 'finished',
 'finish_time': datetime.datetime(2023, 4, 18, 4, 50, 43, 431033),
 'httpcompression/response_bytes': 2381,
 'httpcompression/response_count': 1,
 'log_count/DEBUG': 4,
 'log_count/INFO': 10,
 'memusage/max': 64323584,
 'memusage/startup': 64323584,
 'response_received_count': 1,
 'scheduler/dequeued': 1,
 'scheduler/dequeued/memory': 1,
 'scheduler/enqueued': 1,
 'scheduler/enqueued/memory': 1,
 'start_time': datetime.datetime(2023, 4, 18, 4, 50, 43, 293141)}
2023-04-18 12:50:43 [scrapy.core.engine] INFO: Spider closed (finished)
